<?xml version="1.0" encoding="UTF-8"?>
<!-- Generated by org.testng.reporters.JUnitXMLReporter -->
<testsuite ignored="0" hostname="ShibaShankar" failures="0" tests="3" name="Test" time="167.204" errors="0" timestamp="2023-06-29T15:13:14 IST">
  <testcase classname="com.pyga.salesorder.CampaignSystemTest" name="createcCampaign" time="38.55"/>
  <testcase classname="com.pyga.salesorder.Invoice_234Test" name="createInvoiceFromVendor" time="73.818"/>
  <testcase classname="com.pyga.salesorder.SalesOrderTest" name="salesorderFromVendor" time="54.702"/>
</testsuite> <!-- Test -->
