<?xml version="1.0" encoding="UTF-8"?>
<!-- Generated by org.testng.reporters.JUnitXMLReporter -->
<testsuite ignored="0" hostname="ShibaShankar" failures="0" tests="4" name="Test" time="245.264" errors="0" timestamp="2023-06-30T09:53:59 IST">
  <testcase classname="com.pyga.salesorder.CampaignSystemTest" name="createcCampaign" time="48.989"/>
  <testcase classname="com.pyga.salesorder.OpportunitySystemTest" name="oppotunitySystem" time="47.558"/>
  <testcase classname="com.pyga.salesorder.Invoice_234Test" name="createInvoiceFromVendor" time="84.432"/>
  <testcase classname="com.pyga.salesorder.SalesOrderTest" name="salesorderFromVendor" time="64.046"/>
</testsuite> <!-- Test -->
